<?xml version="1.0" encoding="UTF-8" ?>
<testsuites name="vitest tests" tests="2" failures="0" errors="0" time="0.557">
    <testsuite name="lib/__test__/hello.test.js" timestamp="2024-09-04T04:47:42.276Z" hostname="macOS-Quangs-Mac-mini.local" tests="2" failures="0" errors="0" skipped="0" time="0.016">
        <testcase classname="lib/__test__/hello.test.js" name="renders welcome message" time="0.016">
            <system-err>
Warning: `ReactDOMTestUtils.act` is deprecated in favor of `React.act`. Import `act` from `react` instead of `react-dom/test-utils`. See https://react.dev/warnings/react-dom-test-utils for more info.
Warning: ReactDOM.render is no longer supported in React 18. Use createRoot instead. Until you switch to the new API, your app will behave as if it&apos;s running React 17. Learn more: https://reactjs.org/link/switch-to-createroot
Warning: unmountComponentAtNode is deprecated and will be removed in the next major release. Switch to the createRoot API. Learn more: https://reactjs.org/link/switch-to-createroot

            </system-err>
        </testcase>
        <testcase classname="lib/__test__/hello.test.js" name="adds 1 + 2 to equal 3" time="0">
        </testcase>
    </testsuite>
</testsuites>
