<?xml version="1.0" encoding="UTF-8"?>
<testsuites name="vitest tests" tests="3" failures="1" errors="0" time="0.448">
  <testsuite name="lib/__test__/hello.test.js" timestamp="2024-09-04T09:19:02.659Z"
    hostname="macOS-Quangs-Mac-mini.local" tests="3" failures="1" errors="0" skipped="0"
    time="0.021">
    <testcase classname="lib/__test__/hello.test.js" name="renders welcome message" time="0.016">
    </testcase>
    <testcase classname="lib/__test__/hello.test.js" name="adds 1 + 2 to equal 3" time="0">
    </testcase>
    <testcase classname="Test 2" name="Exception in test" time="0">
      <failure>AssertionError: expected 4 to be 3 // Object.is equality

        - Expected
        + Received

        - 3
        + 4

        ‚ùØ src/__test__/hello.test.tsx:24:21
      </failure>
    </testcase>
  </testsuite>
</testsuites>