<?xml version="1.0" encoding="UTF-8" ?>
<testsuites name="vitest tests" tests="1" failures="1" errors="0" time="0.608">
    <testsuite name="lib/__test__/hello.test.js" timestamp="2024-09-03T08:49:34.677Z" hostname="QHuys-MBP.lan" tests="1" failures="1" errors="0" skipped="0" time="0">
        <testcase classname="lib/__test__/hello.test.js" name="lib/__test__/hello.test.js" time="0">
            <failure message="Vitest cannot be imported in a CommonJS module using require(). Please use &quot;import&quot; instead.

If you are using &quot;import&quot; in your source code, then it&apos;s possible it was bundled into require() automatically by your bundler. In that case, do not bundle CommonJS output since it will never work with Vitest, or use dynamic import() which is available in all CommonJS modules." type="Error">
Error: Vitest cannot be imported in a CommonJS module using require(). Please use &quot;import&quot; instead.

If you are using &quot;import&quot; in your source code, then it&apos;s possible it was bundled into require() automatically by your bundler. In that case, do not bundle CommonJS output since it will never work with Vitest, or use dynamic import() which is available in all CommonJS modules.
 ❯ Object.&lt;anonymous&gt; node_modules/vitest/index.cjs:1:7
 ❯ src/__test__/setup.ts:3:1

            </failure>
        </testcase>
    </testsuite>
</testsuites>
